make.exe all --print-data-base --no-builtin-variables --no-builtin-rules --question
# GNU Make 4.3
# Built for x86_64-w64-mingw32
# Copyright (C) 1988-2020 Free Software Foundation, Inc.
# License GPLv3+: GNU GPL version 3 or later <http://gnu.org/licenses/gpl.html>
# This is free software: you are free to change and redistribute it.
# There is NO WARRANTY, to the extent permitted by law.
 

# Make data base, printed on Mon May 16 16:13:04 2022

# Variables

# environment
SYSTEMDRIVE = C:
# environment
LC_ALL = C
# environment
USERPROFILE = C:\Users\adminstrator
# makefile (from 'makefile', line 6)
rm = rm -fr
# environment
LOCALAPPDATA = C:\Users\adminstrator\AppData\Local
# environment
VSCODE_IPC_HOOK_EXTHOST = \\.\pipe\vscode-ipc-ddc6e9e9-3209-48f7-8f40-b995578aacb8-sock
# makefile (from 'makefile', line 9)
SRC_DIR = .
# environment
VSCODE_CWD = C:\Users\adminstrator\AppData\Local\Programs\ 
Microsoft VS Code
# environment
SYSTEMROOT = C:\WINDOWS
# makefile (from 'makefile', line 22)
LIBS = sfml-audio sfml-graphics sfml-main sfml-network sfml-system sfml-window
# environment
PROCESSOR_LEVEL = 6
# environment
PSMODULEPATH = C:\Program Files\WindowsPowerShell\Modules;C:\WINDOWS\system32\WindowsPowerShell\v1.0\Modules;C:\Program Files\Intel\Wired Networking\
# default
MAKE_COMMAND := make.exe
# automatic
@D = $(patsubst %/,%,$(patsubst %\,%,$(dir $@)))
# environment
CHROME_CRASHPAD_PIPE_NAME = \\. 
\pipe\crashpad_11732_ZNTQPWCINTGVAQYR
# environment
VSCODE_HANDLES_UNCAUGHT_ERRORS = true
# makefile (from 'makefile', line 24)
INC_FLAGS = $(addprefix -I,$(INC_DIR))
# default
.VARIABLES := 
# automatic
%D = $(patsubst %/,%,$(patsubst %\,%,$(dir $%)))
# automatic
^D = $(patsubst %/,%,$(patsubst %\,%,$(dir $^)))
# environment
VSCODE_LOG_STACK = false
# automatic
%F = $(notdir $%)
# environment
VSCODE_CODE_CACHE_PATH = C:\Users\adminstrator\AppData\Roaming\Code\CachedData\da15b6fd3ef856477bf6f4fb29ba1b7af717 
770d
# environment
LANG = C
# default
.LOADED := 
# environment
TMP = C:\Users\ADMINS~1\AppData\Local\Temp
# makefile
MAKEFLAGS = pqrR
# environment
INTEL_DEV_REDIST = C:\Program Files (x86)\Common Files\Intel\Shared Libraries\
# environment
ONEDRIVE = D:\onedrive
# makefile (from 'makefile', line 7)
mkdir = mkdir2 -p
# makefile
CURDIR := c:/Users/adminstrator/VSC/sfSnake-master
# makefile (from 'makefile', line 20)
INC_DIR = include
# environment
VSCODE_PIPE_LOGGING = true
# environment
APPLICATION_INSIGHT 
S_NO_DIAGNOSTIC_CHANNEL = 1
# makefile (from 'makefile', line 12)
SRCS = $(foreach dir, $(SRC_DIR), $(wildcard $(dir)/*.c*))
# automatic
*D = $(patsubst %/,%,$(patsubst %\,%,$(dir $*)))
# environment
PROGRAMFILES = C:\Program Files
# environment
MFLAGS = -pqrR
# default
.SHELLFLAGS := -c
# environment
COMMONPROGRAMW6432 = C:\Program Files\Common Files
# automatic
+D = $(patsubst %/,%,$(patsubst %\,%,$(dir $+)))
# makefile (from 'makefile', line 1)
MAKEFILE_LIST := Makefile
# automatic
@F = $(notdir $@)
# en 
vironment
VSCODE_VERBOSE_LOGGING = true
# environment
VSCODE_PID = 11732
# environment
CLION = C:\Program Files\JetBrains\CLion 2022.1\bin;
# automatic
?D = $(patsubst %/,%,$(patsubst %\,%,$(dir $?)))
# automatic
*F = $(notdir $*)
# automatic
<D = $(patsubst %/,%,$(patsubst %\,%,$(dir $<)))
# environment
VSCODE_NLS_CONFIG = {"locale":"zh-cn","availableLanguages":{"*":"zh-cn"},"_languagePackId":"42e84e0914b17800d483f69e299e1b00.zh-cn","_translationsConfigFile":"C:\\Users\\adminstrator\\AppData\\Roaming\\Code 
\\clp\\42e84e0914b17800d483f69e299e1b00.zh-cn\\tcf.json","_cacheRoot":"C:\\Users\\adminstrator\\AppData\\Roaming\\Code\\clp\\42e84e0914b17800d483f69e299e1b00.zh-cn","_resolvedLanguagePackCoreLocation":"C:\\Users\\adminstrator\\AppData\\Roaming\\Code\\clp\\42e84e0914b17800d483f69e299e1b00.zh-cn\\da15b6fd3ef856477bf6f4fb29ba1b7af717770d","_corruptedFile":"C:\\Users\\adminstrator\\AppData\\Roaming\\Code\\clp\\42e84e0914b17800d483f69e299e1b00.zh-cn\\corrupted.info","_languagePackSupport":true}
# environment
ONE 
DRIVECONSUMER = D:\onedrive
# default
MAKE_HOST := x86_64-w64-mingw32
# makefile (from 'makefile', line 17)
OBJS = $(addprefix $(BUILD_DIR)/, $(addsuffix .o, $(basename $(SRCS))))
# environment
PROGRAMDATA = C:\ProgramData
# default
SHELL := sh.exe
# environment
HOMEPATH = \Users\adminstrator
# default
MAKECMDGOALS := all
# environment
DRIVERDATA = C:\Windows\System32\Drivers\DriverData
# environment
COMSPEC = C:\WINDOWS\system32\cmd.exe
# environment
WINDIR = C:\WINDOWS
# environment
MAKELEVEL := 0
# defau 
lt
MAKE = $(MAKE_COMMAND)
# environment
PATH = C:\Program Files (x86)\Common Files\Intel\Shared Libraries\redist\intel64\compiler;C:\Windows\system32;C:\Windows;C:\Windows\System32\Wbem;C:\Windows\System32\WindowsPowerShell\v1.0\;C:\Windows\System32\OpenSSH\;C:\Program Files\Bandizip\;C:\Program Files\NVIDIA Corporation\NVIDIA NvDLISR;C:\Program Files (x86)\NVIDIA Corporation\PhysX\Common;C:\WINDOWS\system32;C:\WINDOWS;C:\WINDOWS\System32\Wbem;C:\WINDOWS\System32\WindowsPowerShell\v1.0\;C:\WINDOWS\System32\OpenSSH\;C:\Program Files\dotnet\;C:\Program Files\CMake\bin;C:\Program Files\Git\cmd;C:\Users\adminstrator\AppData\Local\Programs\Python\Python310\Scripts\;C:\Users\adminstrator\AppData\Local\Programs\Python\Python310\;C:\Users\adminstrator\AppData\Local\Microsoft\WindowsApps;C:\Users\adminstrator\AppData\Local\Programs\Microsoft VS Code\bin;C:\Users\adminstrator\mingw64\bin;C:\Users\adminstrator\adb;C:\texlive\2021\bin\win32;;C:\Program Files\JetBrains\PyCharm 2022.1\bin;;C:\Program Files\JetBrains\CLion  
2022.1\bin;
# environment
COMPUTERNAME = DESKTOP-0PE7N1D
# default
MAKEFILES := 
# automatic
^F = $(notdir $^)
# environment
PYCHARM = C:\Program Files\JetBrains\PyCharm 2022.1\bin;
# environment
PROMPT = $P$G
# environment
LOGONSERVER = \\DESKTOP-0PE7N1D
# environment
VSCODE_LOG_NATIVE = false
# environment
USERNAME = adminstrator
# environment
COMMONPROGRAMFILES = C:\Program Files\Common Files
# automatic
?F = $(notdir $?)
# environment
PROGRAMW6432 = C:\Program Files
# environment
PATHEXT = .COM;.EXE;.BA 
T;.CMD;.VBS;.VBE;.JS;.JSE;.WSF;.WSH;.MSC
# automatic
+F = $(notdir $+)
# environment
ORIGINAL_XDG_CURRENT_DESKTOP = undefined
# environment
USERDOMAIN = DESKTOP-0PE7N1D
# 'override' directive
GNUMAKEFLAGS := 
# environment
OS = Windows_NT
# makefile
.DEFAULT_GOAL := all
# default
MAKE_VERSION := 4.3
# makefile (from 'makefile', line 25)
LIB_FLAGS = $(addprefix -L,$(LIB_DIR)) $(addprefix -l,$(LIBS))
# environment
PROGRAMFILES(X86) = C:\Program Files (x86)
# environment
USERDOMAIN_ROAMINGPROFILE = DESKTOP-0PE 
7N1D
# environment
NUMBER_OF_PROCESSORS = 20
# environment
PUBLIC = C:\Users\Public
# makefile (from 'makefile', line 4)
CXX_FLAGS = -g -std=c++17 -Wall -O2
# environment
APPDATA = C:\Users\adminstrator\AppData\Roaming
# environment
HOMEDRIVE = C:
# environment
PROCESSOR_ARCHITECTURE = AMD64
# environment
VSCODE_AMD_ENTRYPOINT = vs/workbench/api/node/extensionHostProcess
# makefile (from 'makefile', line 11)
BUILD_DIR = build
# environment
COMMONPROGRAMFILES(X86) = C:\Program Files (x86)\Common Files
# envi 
ronment
ELECTRON_RUN_AS_NODE = 1
# environment
TEMP = C:\Users\ADMINS~1\AppData\Local\Temp
# environment
VSCODE_IPC_HOOK = \\.\pipe\477ec2341719147c525e5256916962ca-1.67.1-main-sock
# default
.RECIPEPREFIX := 
# automatic
<F = $(notdir $<)
# makefile (from 'makefile', line 18)
DEPS = $(OBJS:.o=.d)
# default
SUFFIXES := 
# environment
ALLUSERSPROFILE = C:\ProgramData
# makefile (from 'makefile', line 10)
TARGET = main
# environment
SESSIONNAME = Console
# makefile (from 'makefile', line 21)
LIB_DIR = lib
# d 
efault
.FEATURES := target-specific order-only second-expansion else-if shortest-stem undefine oneshell nocomment grouped-target extra-prereqs archives jobserver output-sync
# environment
MIC_LD_LIBRARY_PATH = C:\Program Files (x86)\Common Files\Intel\Shared Libraries\compiler\lib\mic
# environment
PROCESSOR_REVISION = 9702
# makefile (from 'makefile', line 2)
CXX = g++
# makefile (from 'makefile', line 1)
CC = gcc
# makefile (from 'makefile', line 26)
LD_FLAGS = 
# environment
PROCESSOR_IDENTIFIER = Intel6 
4 Family 6 Model 151 Stepping 2, GenuineIntel
# makefile (from 'makefile', line 3)
CC_FLAGS = -g -Wall 
# variable set hash-table stats:
# Load=113/1024=11%, Rehash=0, Collisions=22/165=13%

# Pattern-specific Variable Values

# No pattern-specific variable values.

# Directories

# . (key c:/Users/adminstrator/VSC/sfSnake-master, mtime 1652687986): 36 files, no impossibilities.

# 36 files, no impossibilities in 1 directories.

# Implicit Rules

build/%.o: %.cpp
#  recipe to execute (from 'makefile', line  
35):
	@$(mkdir) $(dir $@)
	$(CXX) $(CXX_FLAGS) $(INC_FLAGS) -c $< -o $@

build/%.o: %.c
#  recipe to execute (from 'makefile', line 39):
	@$(mkdir) $(dir $@)
	$(CC) $(CC_FLAGS) $(INC_FLAGS) -c $< -o $@

# 2 implicit rules, 0 (0.0%) terminal.
# Files

build/./main.o: main.cpp
#  Implicit rule search has been done.
#  Implicit/static pattern stem: './main'
#  Last modified 2022-05-13 12:48:59
#  File has been updated.
#  Successfully updated.
#  recipe to execute (from 'makefile', line 35):
	@$(mkdir) $(dir $ 
@)
	$(CXX) $(CXX_FLAGS) $(INC_FLAGS) -c $< -o $@

# Not a target:
GameScreen.cpp:
#  Implicit rule search has been done.
#  Last modified 2022-05-13 12:48:00
#  File has been updated.
#  Successfully updated.

# Not a target:
SnakeNode.cpp:
#  Implicit rule search has been done.
#  Last modified 2013-11-25 04:24:31
#  File has been updated.
#  Successfully updated.

all: main
#  Command line target.
#  Implicit rule search has been done.
#  File does not exist.
#  File has been updated.
#  Needs to be updat 
ed (-q is set).
# variable set hash-table stats:
# Load=0/32=0%, Rehash=0, Collisions=0/13=0%

build/./MenuScreen.o: MenuScreen.cpp
#  Implicit rule search has been done.
#  Implicit/static pattern stem: './MenuScreen'
#  Last modified 2022-05-13 12:49:00
#  File has been updated.
#  Successfully updated.
#  recipe to execute (from 'makefile', line 35):
	@$(mkdir) $(dir $@)
	$(CXX) $(CXX_FLAGS) $(INC_FLAGS) -c $< -o $@

build/./SnakeNode.o: SnakeNode.cpp
#  Implicit rule search has been done.
#  Implicit/st 
atic pattern stem: './SnakeNode'
#  Last modified 2022-05-13 12:49:01
#  File has been updated.
#  Successfully updated.
#  recipe to execute (from 'makefile', line 35):
	@$(mkdir) $(dir $@)
	$(CXX) $(CXX_FLAGS) $(INC_FLAGS) -c $< -o $@

.PHONY: clean
#  Implicit rule search has not been done.
#  Modification time never checked.
#  File has not been updated.

# Not a target:
.DEFAULT:
#  Implicit rule search has not been done.
#  Modification time never checked.
#  File has not been updated.

# Not a target 
:
GameOverScreen.cpp:
#  Implicit rule search has been done.
#  Last modified 2013-11-25 04:24:31
#  File has been updated.
#  Successfully updated.

# Not a target:
Snake.cpp:
#  Implicit rule search has been done.
#  Last modified 2022-05-13 12:09:58
#  File has been updated.
#  Successfully updated.

# Not a target:
Game.cpp:
#  Implicit rule search has been done.
#  Last modified 2022-05-13 19:02:19
#  File has been updated.
#  Successfully updated.

build/./Snake.o: Snake.cpp
#  Implicit rule search ha 
s been done.
#  Implicit/static pattern stem: './Snake'
#  Last modified 2022-05-13 12:49:01
#  File has been updated.
#  Successfully updated.
#  recipe to execute (from 'makefile', line 35):
	@$(mkdir) $(dir $@)
	$(CXX) $(CXX_FLAGS) $(INC_FLAGS) -c $< -o $@

# Not a target:
build/./GameScreen.d:
#  Implicit rule search has been done.
#  File does not exist.
#  File has been updated.
#  Failed to be updated.

# Not a target:
Makefile:
#  Implicit rule search has been done.
#  Last modified 2022-05-13 19:08 
:01
#  File has been updated.
#  Successfully updated.

# Not a target:
main.cpp:
#  Implicit rule search has been done.
#  Last modified 2013-11-25 04:24:31
#  File has been updated.
#  Successfully updated.

build/./Fruit.o: Fruit.cpp
#  Implicit rule search has been done.
#  Implicit/static pattern stem: './Fruit'
#  Last modified 2022-05-13 12:48:57
#  File has been updated.
#  Successfully updated.
#  recipe to execute (from 'makefile', line 35):
	@$(mkdir) $(dir $@)
	$(CXX) $(CXX_FLAGS) $(INC_FLAGS) - 
c $< -o $@

# Not a target:
MenuScreen.cpp:
#  Implicit rule search has been done.
#  Last modified 2013-11-25 04:24:31
#  File has been updated.
#  Successfully updated.

# Not a target:
build/./Screen.d:
#  Implicit rule search has been done.
#  File does not exist.
#  File has been updated.
#  Failed to be updated.

# Not a target:
build/./GameOverScreen.d:
#  Implicit rule search has been done.
#  File does not exist.
#  File has been updated.
#  Failed to be updated.

# Not a target:
.SUFFIXES:
#  Impl 
icit rule search has not been done.
#  Modification time never checked.
#  File has not been updated.

# Not a target:
build/./Game.d:
#  Implicit rule search has been done.
#  File does not exist.
#  File has been updated.
#  Failed to be updated.

build/./GameScreen.o: GameScreen.cpp
#  Implicit rule search has been done.
#  Implicit/static pattern stem: './GameScreen'
#  Last modified 2022-05-13 12:48:59
#  File has been updated.
#  Successfully updated.
#  recipe to execute (from 'makefile', line 35):
	 
@$(mkdir) $(dir $@)
	$(CXX) $(CXX_FLAGS) $(INC_FLAGS) -c $< -o $@

# Not a target:
Screen.cpp:
#  Implicit rule search has been done.
#  Last modified 2013-11-25 04:24:31
#  File has been updated.
#  Successfully updated.

clean:
#  Phony target (prerequisite of .PHONY).
#  Implicit rule search has not been done.
#  File does not exist.
#  File has not been updated.
#  recipe to execute (from 'makefile', line 43):
	@$(rm) $(BUILD_DIR)
	@$(rm) $(TARGET).exe
	@echo $(OBJS)

build/./Screen.o: Screen.cpp
#  Imp 
licit rule search has been done.
#  Implicit/static pattern stem: './Screen'
#  Last modified 2022-05-13 12:49:00
#  File has been updated.
#  Successfully updated.
#  recipe to execute (from 'makefile', line 35):
	@$(mkdir) $(dir $@)
	$(CXX) $(CXX_FLAGS) $(INC_FLAGS) -c $< -o $@

# Not a target:
build/./Fruit.d:
#  Implicit rule search has been done.
#  File does not exist.
#  File has been updated.
#  Failed to be updated.

build/./GameOverScreen.o: GameOverScreen.cpp
#  Implicit rule search has been done 
.
#  Implicit/static pattern stem: './GameOverScreen'
#  Last modified 2022-05-13 12:48:58
#  File has been updated.
#  Successfully updated.
#  recipe to execute (from 'makefile', line 35):
	@$(mkdir) $(dir $@)
	$(CXX) $(CXX_FLAGS) $(INC_FLAGS) -c $< -o $@

# Not a target:
Fruit.cpp:
#  Implicit rule search has been done.
#  Last modified 2013-11-25 04:24:31
#  File has been updated.
#  Successfully updated.

# Not a target:
build/./main.d:
#  Implicit rule search has been done.
#  File does not exist.
#   
File has been updated.
#  Failed to be updated.

main: build/./Fruit.o build/./Game.o build/./GameOverScreen.o build/./GameScreen.o build/./MenuScreen.o build/./Screen.o build/./Snake.o build/./SnakeNode.o build/./main.o
#  Implicit rule search has not been done.
#  Implicit/static pattern stem: ''
#  File does not exist.
#  File has been updated.
#  Needs to be updated (-q is set).
# automatic
# @ := main
# automatic
# * := 
# automatic
# < := build/./Fruit.o
# automatic
# + := build/./Fruit.o build/./Game 
.o build/./GameOverScreen.o build/./GameScreen.o build/./MenuScreen.o build/./Screen.o build/./Snake.o build/./SnakeNode.o build/./main.o
# automatic
# % := 
# automatic
# ^ := build/./Fruit.o build/./Game.o build/./GameOverScreen.o build/./GameScreen.o build/./MenuScreen.o build/./Screen.o build/./Snake.o build/./SnakeNode.o build/./main.o
# automatic
# ? := build/./Fruit.o build/./Game.o build/./GameOverScreen.o build/./GameScreen.o build/./MenuScreen.o build/./Screen.o build/./Snake.o build/./SnakeNode.o 
 build/./main.o
# automatic
# | := 
# variable set hash-table stats:
# Load=8/32=25%, Rehash=0, Collisions=8/22=36%
#  recipe to execute (from 'makefile', line 32):
	$(CXX) $(CXX_FLAGS) $(OBJS) -o $@ $(LD_FLAGS) $(LIB_FLAGS)

# Not a target:
build/./MenuScreen.d:
#  Implicit rule search has been done.
#  File does not exist.
#  File has been updated.
#  Failed to be updated.

build/./Game.o: Game.cpp
#  Implicit rule search has been done.
#  Implicit/static pattern stem: './Game'
#  Last modified 2022-05-13 
 19:02:24
#  File has been updated.
#  Successfully updated.
#  recipe to execute (from 'makefile', line 35):
	@$(mkdir) $(dir $@)
	$(CXX) $(CXX_FLAGS) $(INC_FLAGS) -c $< -o $@

# Not a target:
build/./SnakeNode.d:
#  Implicit rule search has been done.
#  File does not exist.
#  File has been updated.
#  Failed to be updated.

# Not a target:
build/./Snake.d:
#  Implicit rule search has been done.
#  File does not exist.
#  File has been updated.
#  Failed to be updated.

# files hash-table stats:
# Load=3 
4/1024=3%, Rehash=0, Collisions=2/95=2%
# VPATH Search Paths

# No 'vpath' search paths.

# No general ('VPATH' variable) search path.

# strcache buffers: 1 (0) / strings = 72 / storage = 881 B / avg = 12 B
# current buf: size = 8162 B / used = 881 B / count = 72 / avg = 12 B

# strcache performance: lookups = 111 / hit rate = 35%
# hash-table stats:
# Load=72/8192=1%, Rehash=0, Collisions=2/111=2%
# Finished Make data base on Mon May 16 16:13:04 2022

 
